<?xml version="1.0" encoding="UTF-8"?>
<!-- Generated by org.testng.reporters.JUnitReportReporter -->
<testsuite skipped="0" hostname="Minounou" name="formation_CAIt.selenium_webdriver.SupprimerJobTitle" tests="2" failures="0" timestamp="2020-07-24T00:05:16 CEST" time="9.190" errors="0">
  <testcase name="testConnexion" time="4.241" classname="formation_CAIt.selenium_webdriver.SupprimerJobTitle"/>
  <system-out/>
  <testcase name="testSupprimerJt" time="4.949" classname="formation_CAIt.selenium_webdriver.SupprimerJobTitle"/>
  <system-out/>
</testsuite> <!-- formation_CAIt.selenium_webdriver.SupprimerJobTitle -->
