<?xml version="1.0" encoding="UTF-8"?>
<!-- Generated by org.testng.reporters.JUnitReportReporter -->
<testsuite skipped="0" hostname="Minounou" name="formation_CAIt.selenium_webdriver.user.ModifierUser" tests="1" failures="0" timestamp="2020-07-27T13:35:08 CEST" time="9.609" errors="0">
  <testcase name="testModifierUser" time="9.609" classname="formation_CAIt.selenium_webdriver.user.ModifierUser"/>
  <system-out/>
</testsuite> <!-- formation_CAIt.selenium_webdriver.user.ModifierUser -->
