<?xml version="1.0" encoding="UTF-8"?>
<!-- Generated by org.testng.reporters.JUnitReportReporter -->
<testsuite skipped="0" hostname="Minounou" name="formation_CAIt.selenium_webdriver.user.SupprimerUser" tests="1" failures="0" timestamp="2020-07-27T13:35:08 CEST" time="6.334" errors="0">
  <testcase name="testSupprimerUser" time="6.334" classname="formation_CAIt.selenium_webdriver.user.SupprimerUser"/>
  <system-out/>
</testsuite> <!-- formation_CAIt.selenium_webdriver.user.SupprimerUser -->
