<?xml version="1.0" encoding="UTF-8"?>
<!-- Generated by org.testng.reporters.JUnitReportReporter -->
<testsuite skipped="0" hostname="Minounou" name="formation_CAIt.selenium_webdriver.user.SupprimerPayGrade" tests="1" failures="0" timestamp="2020-07-24T21:01:51 CEST" time="12.907" errors="0">
  <testcase name="testSupprimerPayGrade" time="12.907" classname="formation_CAIt.selenium_webdriver.user.SupprimerPayGrade"/>
  <system-out/>
</testsuite> <!-- formation_CAIt.selenium_webdriver.user.SupprimerPayGrade -->
