<?xml version="1.0" encoding="UTF-8"?>
<!-- Generated by org.testng.reporters.JUnitReportReporter -->
<testsuite skipped="0" hostname="Minounou" name="formation_CAIt.selenium_webdriver.ModifierJobTitle" tests="1" failures="0" timestamp="2020-07-23T23:56:00 CEST" time="7.511" errors="0">
  <testcase name="testModifierTitle" time="7.511" classname="formation_CAIt.selenium_webdriver.ModifierJobTitle"/>
  <system-out/>
</testsuite> <!-- formation_CAIt.selenium_webdriver.ModifierJobTitle -->
