<?xml version="1.0" encoding="UTF-8"?>
<!-- Generated by org.testng.reporters.JUnitReportReporter -->
<testsuite skipped="0" hostname="HPG5-SSD-093" name="formation_CAIt.selenium_webdriver.ChromeWebdriver" tests="1" failures="0" timestamp="2020-07-23T16:12:03 CEST" time="10.817" errors="0">
  <testcase name="startChromeDriver" time="10.817" classname="formation_CAIt.selenium_webdriver.ChromeWebdriver"/>
  <system-out/>
</testsuite> <!-- formation_CAIt.selenium_webdriver.ChromeWebdriver -->
