<?xml version="1.0" encoding="UTF-8"?>
<!-- Generated by org.testng.reporters.JUnitReportReporter -->
<testsuite skipped="0" hostname="HPG5-SSD-093" name="GeckoWebDriver" tests="1" failures="0" timestamp="2020-07-03T14:50:43 CEST" time="28.009" errors="0">
  <testcase name="startGeckoDriver" time="28.009" classname="GeckoWebDriver"/>
  <system-out/>
</testsuite> <!-- GeckoWebDriver -->
