<?xml version="1.0" encoding="UTF-8"?>
<!-- Generated by org.testng.reporters.JUnitReportReporter -->
<testsuite skipped="0" hostname="Minounou" name="formation_CAIt.selenium_webdriver.user.CreerUser" tests="2" failures="0" timestamp="2020-07-25T21:31:14 CEST" time="54.178" errors="0">
  <testcase name="testAdduserAdmin" time="36.087" classname="formation_CAIt.selenium_webdriver.user.CreerUser"/>
  <system-out/>
  <testcase name="testAdduserEss" time="18.091" classname="formation_CAIt.selenium_webdriver.user.CreerUser"/>
  <system-out/>
</testsuite> <!-- formation_CAIt.selenium_webdriver.user.CreerUser -->
