<?xml version="1.0" encoding="UTF-8"?>
<!-- Generated by org.testng.reporters.JUnitReportReporter -->
<testsuite skipped="0" hostname="Minounou" name="formation_CAIt.selenium_webdriver.Connexion" tests="1" failures="0" timestamp="2020-07-23T23:10:53 CEST" time="4.122" errors="0">
  <testcase name="testConnexion" time="4.122" classname="formation_CAIt.selenium_webdriver.Connexion"/>
  <system-out/>
</testsuite> <!-- formation_CAIt.selenium_webdriver.Connexion -->
