<?xml version="1.0" encoding="UTF-8"?>
<!-- Generated by org.testng.reporters.JUnitReportReporter -->
<testsuite skipped="0" hostname="Minounou" name="formation_CAIt.selenium_webdriver.jobtitle.ModifierJobTitle" tests="1" failures="0" timestamp="2020-07-24T00:12:51 CEST" time="9.428" errors="0">
  <testcase name="testModifierTitle" time="9.428" classname="formation_CAIt.selenium_webdriver.jobtitle.ModifierJobTitle"/>
  <system-out/>
</testsuite> <!-- formation_CAIt.selenium_webdriver.jobtitle.ModifierJobTitle -->
