<?xml version="1.0" encoding="UTF-8"?>
<!-- Generated by org.testng.reporters.JUnitReportReporter -->
<testsuite skipped="0" hostname="Minounou" name="formation_CAIt.selenium_webdriver.AjouterUser" tests="1" failures="0" timestamp="2020-07-23T23:09:17 CEST" time="52.470" errors="0">
  <testcase name="testAdduserAdmin" time="52.470" classname="formation_CAIt.selenium_webdriver.AjouterUser"/>
  <system-out/>
</testsuite> <!-- formation_CAIt.selenium_webdriver.AjouterUser -->
