<?xml version="1.0" encoding="UTF-8"?>
<!-- Generated by org.testng.reporters.JUnitReportReporter -->
<testsuite skipped="0" hostname="Minounou" name="formation_CAIt.selenium_webdriver.CreerUser" tests="1" failures="0" timestamp="2020-07-24T00:18:43 CEST" time="52.888" errors="0">
  <testcase name="testAdduserAdmin" time="52.888" classname="formation_CAIt.selenium_webdriver.CreerUser"/>
  <system-out/>
</testsuite> <!-- formation_CAIt.selenium_webdriver.CreerUser -->
