<?xml version="1.0" encoding="UTF-8"?>
<!-- Generated by org.testng.reporters.JUnitReportReporter -->
<testsuite skipped="0" hostname="Minounou" name="formation_CAIt.selenium_webdriver.CreerJobTitle" tests="1" failures="0" timestamp="2020-07-24T00:00:12 CEST" time="14.443" errors="0">
  <testcase name="testJobTitle" time="14.443" classname="formation_CAIt.selenium_webdriver.CreerJobTitle"/>
  <system-out/>
</testsuite> <!-- formation_CAIt.selenium_webdriver.CreerJobTitle -->
