<?xml version="1.0" encoding="UTF-8"?>
<!-- Generated by org.testng.reporters.JUnitReportReporter -->
<testsuite skipped="0" hostname="Minounou" name="formation_CAIt.selenium_webdriver.AjouterPayGrade" tests="1" failures="0" timestamp="2020-07-23T22:22:44 CEST" time="28.551" errors="0">
  <testcase name="testAjouterPaygrade" time="28.551" classname="formation_CAIt.selenium_webdriver.AjouterPayGrade"/>
  <system-out/>
</testsuite> <!-- formation_CAIt.selenium_webdriver.AjouterPayGrade -->
