<?xml version="1.0" encoding="UTF-8"?>
<!-- Generated by org.testng.reporters.JUnitReportReporter -->
<testsuite skipped="0" hostname="Minounou" name="formation_CAIt.selenium_webdriver.jobtitle.SupprimerJobTitle" tests="2" failures="0" timestamp="2020-07-24T00:14:07 CEST" time="8.661" errors="0">
  <testcase name="testConnexion" time="4.263" classname="formation_CAIt.selenium_webdriver.jobtitle.SupprimerJobTitle"/>
  <system-out/>
  <testcase name="testSupprimerJt" time="4.398" classname="formation_CAIt.selenium_webdriver.jobtitle.SupprimerJobTitle"/>
  <system-out/>
</testsuite> <!-- formation_CAIt.selenium_webdriver.jobtitle.SupprimerJobTitle -->
