<?xml version="1.0" encoding="UTF-8"?>
<!-- Generated by org.testng.reporters.JUnitReportReporter -->
<testsuite skipped="0" hostname="Minounou" name="formation_CAIt.selenium_webdriver.CreerPayGrade" tests="1" failures="0" timestamp="2020-07-24T00:15:27 CEST" time="22.190" errors="0">
  <testcase name="testAjouterPaygrade" time="22.190" classname="formation_CAIt.selenium_webdriver.CreerPayGrade"/>
  <system-out/>
</testsuite> <!-- formation_CAIt.selenium_webdriver.CreerPayGrade -->
