<?xml version="1.0" encoding="UTF-8"?>
<!-- Generated by org.testng.reporters.JUnitReportReporter -->
<testsuite skipped="0" hostname="Minounou" name="formation_CAIt.selenium_webdriver.user.CreerUser" tests="2" failures="0" timestamp="2020-07-27T13:35:08 CEST" time="53.129" errors="0">
  <testcase name="testAdduserEss" time="18.022" classname="formation_CAIt.selenium_webdriver.user.CreerUser"/>
  <system-out/>
  <testcase name="testAdduserAdmin" time="35.107" classname="formation_CAIt.selenium_webdriver.user.CreerUser"/>
  <system-out/>
</testsuite> <!-- formation_CAIt.selenium_webdriver.user.CreerUser -->
