<?xml version="1.0" encoding="UTF-8"?>
<!-- Generated by org.testng.reporters.JUnitReportReporter -->
<testsuite skipped="0" hostname="Minounou" name="formation_CAIt.selenium_webdriver.JobTitle" tests="1" failures="0" timestamp="2020-07-23T23:13:12 CEST" time="14.482" errors="0">
  <testcase name="testJobTitle" time="14.482" classname="formation_CAIt.selenium_webdriver.JobTitle"/>
  <system-out/>
</testsuite> <!-- formation_CAIt.selenium_webdriver.JobTitle -->
