<?xml version="1.0" encoding="UTF-8"?>
<!-- Generated by org.testng.reporters.JUnitReportReporter -->
<testsuite skipped="0" hostname="Minounou" name="formation_CAIt.selenium_webdriver.jobtitle.CreerJobTitle" tests="1" failures="0" timestamp="2020-07-24T00:12:29 CEST" time="12.730" errors="0">
  <testcase name="testJobTitle" time="12.730" classname="formation_CAIt.selenium_webdriver.jobtitle.CreerJobTitle"/>
  <system-out/>
</testsuite> <!-- formation_CAIt.selenium_webdriver.jobtitle.CreerJobTitle -->
