<?xml version="1.0" encoding="UTF-8"?>
<!-- Generated by org.testng.reporters.JUnitReportReporter -->
<testsuite skipped="0" hostname="Minounou" name="formation_CAIt.selenium_webdriver.AppTest" tests="1" failures="0" timestamp="2020-07-24T00:32:46 CEST" time="0.008" errors="0">
  <testcase name="shouldAnswerWithTrue" time="0.008" classname="formation_CAIt.selenium_webdriver.AppTest"/>
  <system-out/>
</testsuite> <!-- formation_CAIt.selenium_webdriver.AppTest -->
