<?xml version="1.0" encoding="UTF-8"?>
<!-- Generated by org.testng.reporters.JUnitReportReporter -->
<testsuite skipped="0" hostname="Minounou" name="formation_CAIt.selenium_webdriver.user.SupprimerUser" tests="1" failures="0" timestamp="2020-07-26T02:29:04 CEST" time="5.823" errors="0">
  <testcase name="testSupprimerUser" time="5.823" classname="formation_CAIt.selenium_webdriver.user.SupprimerUser"/>
  <system-out/>
</testsuite> <!-- formation_CAIt.selenium_webdriver.user.SupprimerUser -->
