<?xml version="1.0" encoding="UTF-8"?>
<!-- Generated by org.testng.reporters.JUnitReportReporter -->
<testsuite skipped="0" hostname="Minounou" name="formation_CAIt.selenium_webdriver.user.CreerUser" tests="2" failures="0" timestamp="2020-07-26T02:29:04 CEST" time="51.089" errors="0">
  <testcase name="testAdduserEss" time="17.407" classname="formation_CAIt.selenium_webdriver.user.CreerUser"/>
  <system-out/>
  <testcase name="testAdduserAdmin" time="33.682" classname="formation_CAIt.selenium_webdriver.user.CreerUser"/>
  <system-out/>
</testsuite> <!-- formation_CAIt.selenium_webdriver.user.CreerUser -->
