<?xml version="1.0" encoding="UTF-8"?>
<!-- Generated by org.testng.reporters.JUnitReportReporter -->
<testsuite skipped="0" hostname="Minounou" name="formation_CAIt.selenium_webdriver.jobtitle.SupprimerJobTitle" tests="1" failures="0" timestamp="2020-07-26T02:29:04 CEST" time="3.606" errors="0">
  <testcase name="testSupprimerJt" time="3.606" classname="formation_CAIt.selenium_webdriver.jobtitle.SupprimerJobTitle"/>
  <system-out/>
</testsuite> <!-- formation_CAIt.selenium_webdriver.jobtitle.SupprimerJobTitle -->
